d:\google drive\classroom\軟體測試 2015 fall\homework\homework 1\debug\vc140.pdb
d:\google drive\classroom\軟體測試 2015 fall\homework\homework 1\debug\vc140.idb
d:\google drive\classroom\軟體測試 2015 fall\homework\homework 1\debug\triangle.obj
d:\google drive\classroom\軟體測試 2015 fall\homework\homework 1\debug\nextdate.obj
d:\google drive\classroom\軟體測試 2015 fall\homework\homework 1\debug\homework 1.pdb
d:\google drive\classroom\軟體測試 2015 fall\homework\homework 1\debug\homework 1.tlog\cl.command.1.tlog
d:\google drive\classroom\軟體測試 2015 fall\homework\homework 1\debug\homework 1.tlog\cl.read.1.tlog
d:\google drive\classroom\軟體測試 2015 fall\homework\homework 1\debug\homework 1.tlog\cl.write.1.tlog
d:\google drive\classroom\軟體測試 2015 fall\homework\homework 1\debug\homework 1.tlog\link-cvtres.read.1.tlog
d:\google drive\classroom\軟體測試 2015 fall\homework\homework 1\debug\homework 1.tlog\link-cvtres.write.1.tlog
d:\google drive\classroom\軟體測試 2015 fall\homework\homework 1\debug\homework 1.tlog\link-rc.read.1.tlog
d:\google drive\classroom\軟體測試 2015 fall\homework\homework 1\debug\homework 1.tlog\link-rc.write.1.tlog
d:\google drive\classroom\軟體測試 2015 fall\homework\homework 1\debug\homework 1.tlog\link.9352-cvtres.read.1.tlog
d:\google drive\classroom\軟體測試 2015 fall\homework\homework 1\debug\homework 1.tlog\link.9352-cvtres.write.1.tlog
d:\google drive\classroom\軟體測試 2015 fall\homework\homework 1\debug\homework 1.tlog\link.9352-rc.read.1.tlog
d:\google drive\classroom\軟體測試 2015 fall\homework\homework 1\debug\homework 1.tlog\link.9352-rc.write.1.tlog
d:\google drive\classroom\軟體測試 2015 fall\homework\homework 1\debug\homework 1.tlog\link.9352.read.1.tlog
d:\google drive\classroom\軟體測試 2015 fall\homework\homework 1\debug\homework 1.tlog\link.9352.write.1.tlog
d:\google drive\classroom\軟體測試 2015 fall\homework\homework 1\debug\homework 1.tlog\link.command.1.tlog
d:\google drive\classroom\軟體測試 2015 fall\homework\homework 1\debug\homework 1.tlog\link.read.1.tlog
d:\google drive\classroom\軟體測試 2015 fall\homework\homework 1\debug\homework 1.tlog\link.write.1.tlog
